<?xml version="1.0" encoding="UTF-8"?>
<testng-results skipped="0" failed="0" ignored="0" total="1" passed="1">
  <reporter-output>
  </reporter-output>
  <suite name="Suite" duration-ms="28" started-at="2022-12-02T15:06:45Z" finished-at="2022-12-02T15:06:45Z">
    <groups>
    </groups>
    <test name="Test" duration-ms="28" started-at="2022-12-02T15:06:45Z" finished-at="2022-12-02T15:06:45Z">
      <class name="org.Demo.Test1">
        <test-method status="PASS" signature="verifyTest()[pri:0, instance:org.Demo.Test1@226a82c4]" name="verifyTest" duration-ms="9" started-at="2022-12-02T15:06:45Z" finished-at="2022-12-02T15:06:45Z">
          <reporter-output>
          </reporter-output>
        </test-method> <!-- verifyTest -->
      </class> <!-- org.Demo.Test1 -->
    </test> <!-- Test -->
  </suite> <!-- Suite -->
</testng-results>
